Using pre-set license
Built from '2020.3/staging' branch; Version is '2020.3.11f1 (99c7afb366b3) revision 10078127'; Using compiler version '192528614'; Build Type 'Release'
OS: 'Windows 10 Pro; OS build 19043.1288; Version 2009; 64bit' Language: 'en' Physical Memory: 32670 MB
BatchMode: 1, IsHumanControllingUs: 0, StartBugReporterOnCrash: 0, Is64bit: 1, IsPro: 0

 COMMAND LINE ARGUMENTS:
C:\Program Files\Unity\Hub\Editor\2020.3.11f1\Editor\Unity.exe
-adb2
-batchMode
-noUpm
-name
AssetImportWorker0
-projectPath
C:/Projects/GlowExample
-logFile
Logs/AssetImportWorker0.log
-srvPort
52001
Successfully changed project path to: C:/Projects/GlowExample
C:/Projects/GlowExample
Using Asset Import Pipeline V2.
Refreshing native plugins compatible for Editor in 34.68 ms, found 2 plugins.
Preloading 0 native plugins for Editor in 0.00 ms.
Initialize engine version: 2020.3.11f1 (99c7afb366b3)
[Subsystems] Discovering subsystems at path C:/Program Files/Unity/Hub/Editor/2020.3.11f1/Editor/Data/Resources/UnitySubsystems
[Subsystems] Discovering subsystems at path C:/Projects/GlowExample/Assets
GfxDevice: creating device client; threaded=0
Direct3D:
    Version:  Direct3D 11.0 [level 11.1]
    Renderer: NVIDIA GeForce GTX 1070 (ID=0x1b81)
    Vendor:   
    VRAM:     8088 MB
    Driver:   23.21.13.9125
Initialize mono
Mono path[0] = 'C:/Program Files/Unity/Hub/Editor/2020.3.11f1/Editor/Data/Managed'
Mono path[1] = 'C:/Program Files/Unity/Hub/Editor/2020.3.11f1/Editor/Data/MonoBleedingEdge/lib/mono/unityjit'
Mono config path = 'C:/Program Files/Unity/Hub/Editor/2020.3.11f1/Editor/Data/MonoBleedingEdge/etc'
Using monoOptions --debugger-agent=transport=dt_socket,embedding=1,server=y,suspend=n,address=127.0.0.1:56252
Begin MonoManager ReloadAssembly
Registering precompiled unity dll's ...
Register platform support module: C:/Program Files/Unity/Hub/Editor/2020.3.11f1/Editor/Data/PlaybackEngines/WindowsStandaloneSupport/UnityEditor.WindowsStandalone.Extensions.dll
Registered in 0.002653 seconds.
Native extension for WindowsStandalone target not found
Refreshing native plugins compatible for Editor in 32.72 ms, found 2 plugins.
Preloading 0 native plugins for Editor in 0.00 ms.
Mono: successfully reloaded assembly
- Completed reload, in  1.262 seconds
Platform modules already initialized, skipping
Registering precompiled user dll's ...
Registered in 0.005354 seconds.
Begin MonoManager ReloadAssembly
Native extension for WindowsStandalone target not found
Refreshing native plugins compatible for Editor in 0.31 ms, found 2 plugins.
Preloading 0 native plugins for Editor in 0.00 ms.
Mono: successfully reloaded assembly
- Completed reload, in  1.318 seconds
Platform modules already initialized, skipping
========================================================================
Worker process is ready to serve import requests
Launched and connected shader compiler UnityShaderCompiler.exe after 0.05 seconds
Refreshing native plugins compatible for Editor in 0.42 ms, found 2 plugins.
Preloading 0 native plugins for Editor in 0.00 ms.
Unloading 1386 Unused Serialized files (Serialized files now loaded: 0)
System memory in use before: 64.6 MB.
System memory in use after: 64.7 MB.

Unloading 19 unused Assets to reduce memory usage. Loaded Objects now: 1819.
Total: 2.688100 ms (FindLiveObjects: 0.164800 ms CreateObjectMapping: 0.042400 ms MarkObjects: 2.265100 ms  DeleteObjects: 0.214700 ms)

========================================================================
Received Import Request.
  path: Assets
  artifactKey: Guid(00000000000000001000000000000000) Importer(815301076,1909f56bfc062723c751e8b465ee728b)
Start importing Assets using Guid(00000000000000001000000000000000) Importer(815301076,1909f56bfc062723c751e8b465ee728b)  -> (artifact id: '42d402b061de3733987d63b9cc3b64de') in 0.005915 seconds
  Import took 0.008758 seconds .

========================================================================
Received Import Request.
  Time since last request: 0.000901 seconds.
  path: Assets
  artifactKey: Guid(00000000000000001000000000000000) Importer(815301076,1909f56bfc062723c751e8b465ee728b)
Start importing Assets using Guid(00000000000000001000000000000000) Importer(815301076,1909f56bfc062723c751e8b465ee728b)  -> (artifact id: '42d402b061de3733987d63b9cc3b64de') in 0.002872 seconds
  Import took 0.006073 seconds .

========================================================================
Received Import Request.
  Time since last request: 6.439127 seconds.
  path: Assets/Rotate.cs
  artifactKey: Guid(b79b615df42130245be768776bb7d7ec) Importer(815301076,1909f56bfc062723c751e8b465ee728b)
Start importing Assets/Rotate.cs using Guid(b79b615df42130245be768776bb7d7ec) Importer(815301076,1909f56bfc062723c751e8b465ee728b)  -> (artifact id: 'e0ff4a5e7f2b421ed170fc7abb6d9f14') in 0.052033 seconds
  Import took 0.054732 seconds .

========================================================================
Received Prepare
Registering precompiled user dll's ...
Registered in 0.004426 seconds.
Begin MonoManager ReloadAssembly
Native extension for WindowsStandalone target not found
Refreshing native plugins compatible for Editor in 1.05 ms, found 2 plugins.
Preloading 0 native plugins for Editor in 0.00 ms.
Mono: successfully reloaded assembly
- Completed reload, in  1.477 seconds
Platform modules already initialized, skipping
Refreshing native plugins compatible for Editor in 0.30 ms, found 2 plugins.
Preloading 0 native plugins for Editor in 0.00 ms.
Unloading 1382 Unused Serialized files (Serialized files now loaded: 0)
System memory in use before: 64.6 MB.
System memory in use after: 64.7 MB.

Unloading 14 unused Assets to reduce memory usage. Loaded Objects now: 1823.
Total: 2.383700 ms (FindLiveObjects: 0.157000 ms CreateObjectMapping: 0.043500 ms MarkObjects: 2.106900 ms  DeleteObjects: 0.075000 ms)

========================================================================
Received Prepare
Registering precompiled user dll's ...
Registered in 0.007127 seconds.
Begin MonoManager ReloadAssembly
Native extension for WindowsStandalone target not found
Refreshing native plugins compatible for Editor in 0.29 ms, found 2 plugins.
Preloading 0 native plugins for Editor in 0.00 ms.
Mono: successfully reloaded assembly
- Completed reload, in  1.257 seconds
Platform modules already initialized, skipping
Refreshing native plugins compatible for Editor in 0.33 ms, found 2 plugins.
Preloading 0 native plugins for Editor in 0.00 ms.
Unloading 1382 Unused Serialized files (Serialized files now loaded: 0)
System memory in use before: 64.6 MB.
System memory in use after: 64.7 MB.

Unloading 14 unused Assets to reduce memory usage. Loaded Objects now: 1826.
Total: 2.162400 ms (FindLiveObjects: 0.148600 ms CreateObjectMapping: 0.047800 ms MarkObjects: 1.882200 ms  DeleteObjects: 0.082800 ms)

========================================================================
Received Import Request.
  Time since last request: 101.623335 seconds.
  path: Assets/Rotate.cs
  artifactKey: Guid(b79b615df42130245be768776bb7d7ec) Importer(815301076,1909f56bfc062723c751e8b465ee728b)
Start importing Assets/Rotate.cs using Guid(b79b615df42130245be768776bb7d7ec) Importer(815301076,1909f56bfc062723c751e8b465ee728b)  -> (artifact id: 'c39a49521e0ec08a08bcdc965cee5306') in 0.006014 seconds
  Import took 0.009165 seconds .

========================================================================
Received Prepare
Registering precompiled user dll's ...
Registered in 0.004951 seconds.
Begin MonoManager ReloadAssembly
Native extension for WindowsStandalone target not found
Refreshing native plugins compatible for Editor in 0.29 ms, found 2 plugins.
Preloading 0 native plugins for Editor in 0.00 ms.
Mono: successfully reloaded assembly
- Completed reload, in  1.125 seconds
Platform modules already initialized, skipping
Refreshing native plugins compatible for Editor in 0.46 ms, found 2 plugins.
Preloading 0 native plugins for Editor in 0.00 ms.
Unloading 1382 Unused Serialized files (Serialized files now loaded: 0)
System memory in use before: 64.6 MB.
System memory in use after: 64.7 MB.

Unloading 14 unused Assets to reduce memory usage. Loaded Objects now: 1829.
Total: 2.306800 ms (FindLiveObjects: 0.159600 ms CreateObjectMapping: 0.036200 ms MarkObjects: 2.022300 ms  DeleteObjects: 0.087800 ms)

========================================================================
Received Prepare
Registering precompiled user dll's ...
Registered in 0.006795 seconds.
Begin MonoManager ReloadAssembly
Native extension for WindowsStandalone target not found
Refreshing native plugins compatible for Editor in 0.45 ms, found 2 plugins.
Preloading 0 native plugins for Editor in 0.00 ms.
Mono: successfully reloaded assembly
- Completed reload, in  1.130 seconds
Platform modules already initialized, skipping
Refreshing native plugins compatible for Editor in 0.27 ms, found 2 plugins.
Preloading 0 native plugins for Editor in 0.00 ms.
Unloading 1350 Unused Serialized files (Serialized files now loaded: 0)
System memory in use before: 64.0 MB.
System memory in use after: 64.0 MB.

Unloading 14 unused Assets to reduce memory usage. Loaded Objects now: 1832.
Total: 2.642300 ms (FindLiveObjects: 0.149600 ms CreateObjectMapping: 0.037300 ms MarkObjects: 2.339700 ms  DeleteObjects: 0.114700 ms)

========================================================================
Received Prepare
Registering precompiled user dll's ...
Registered in 0.016936 seconds.
Begin MonoManager ReloadAssembly
Native extension for WindowsStandalone target not found
Refreshing native plugins compatible for Editor in 0.69 ms, found 2 plugins.
Preloading 0 native plugins for Editor in 0.00 ms.
[ScriptCompilation] NOT recompiling all scripts because this is an import worker process. Reason to compile was: Define symbols changed
Mono: successfully reloaded assembly
- Completed reload, in  1.256 seconds
Platform modules already initialized, skipping
Refreshing native plugins compatible for Editor in 0.34 ms, found 2 plugins.
Preloading 0 native plugins for Editor in 0.00 ms.
Unloading 1470 Unused Serialized files (Serialized files now loaded: 0)
System memory in use before: 71.5 MB.
System memory in use after: 69.6 MB.

Unloading 41 unused Assets to reduce memory usage. Loaded Objects now: 1928.
Total: 3.721900 ms (FindLiveObjects: 0.374100 ms CreateObjectMapping: 0.071500 ms MarkObjects: 2.305200 ms  DeleteObjects: 0.956100 ms)

========================================================================
Received Import Request.
  Time since last request: 240.865622 seconds.
  path: ProjectSettings/TagManager.asset
  artifactKey: Guid(00000000000000003000000000000000) Importer(815301076,1909f56bfc062723c751e8b465ee728b)
Start importing ProjectSettings/TagManager.asset using Guid(00000000000000003000000000000000) Importer(815301076,1909f56bfc062723c751e8b465ee728b)  -> (artifact id: 'ce6a35c3cddc746e7501c0bd0ed6d4ce') in 0.025225 seconds
  Import took 0.027828 seconds .

========================================================================
Received Import Request.
  Time since last request: 22.643119 seconds.
  path: Assets/GlowExample.unity
  artifactKey: Guid(40e1b2b8ed1491e4c8624e30d65238ce) Importer(815301076,1909f56bfc062723c751e8b465ee728b)
Start importing Assets/GlowExample.unity using Guid(40e1b2b8ed1491e4c8624e30d65238ce) Importer(815301076,1909f56bfc062723c751e8b465ee728b)  -> (artifact id: '13be2fb17df1a842ce1b4f53deeef58b') in 0.004430 seconds
  Import took 0.006962 seconds .

========================================================================
Received Import Request.
  Time since last request: 328.285515 seconds.
  path: Assets/GlowExample_Profiles
  artifactKey: Guid(c529f4dbb364c834d9b83a7a57d6bbd8) Importer(815301076,1909f56bfc062723c751e8b465ee728b)
Start importing Assets/GlowExample_Profiles using Guid(c529f4dbb364c834d9b83a7a57d6bbd8) Importer(815301076,1909f56bfc062723c751e8b465ee728b)  -> (artifact id: 'c15ad8327bd0a48971af350bf84babe6') in 0.002362 seconds
  Import took 0.005286 seconds .

========================================================================
Received Import Request.
  Time since last request: 12.286777 seconds.
  path: Assets/Main Camera Profile.asset
  artifactKey: Guid(49a2ed8d2ae14e44181e03ddf4086a82) Importer(815301076,1909f56bfc062723c751e8b465ee728b)
Start importing Assets/Main Camera Profile.asset using Guid(49a2ed8d2ae14e44181e03ddf4086a82) Importer(815301076,1909f56bfc062723c751e8b465ee728b)  -> (artifact id: '23f309892aa89d427d61e3abcad72048') in 0.004875 seconds
  Import took 0.007964 seconds .

========================================================================
Received Import Request.
  Time since last request: 4.406836 seconds.
  path: Assets/Profile.asset
  artifactKey: Guid(49a2ed8d2ae14e44181e03ddf4086a82) Importer(815301076,1909f56bfc062723c751e8b465ee728b)
Start importing Assets/Profile.asset using Guid(49a2ed8d2ae14e44181e03ddf4086a82) Importer(815301076,1909f56bfc062723c751e8b465ee728b)  -> (artifact id: 'bcb0ebb2b0f0939e4f82d8bd549c4298') in 0.018363 seconds
  Import took 0.021288 seconds .

========================================================================
Received Import Request.
  Time since last request: 4.753926 seconds.
  path: Assets/Profile.asset
  artifactKey: Guid(49a2ed8d2ae14e44181e03ddf4086a82) Importer(815301076,1909f56bfc062723c751e8b465ee728b)
Start importing Assets/Profile.asset using Guid(49a2ed8d2ae14e44181e03ddf4086a82) Importer(815301076,1909f56bfc062723c751e8b465ee728b)  -> (artifact id: 'dec0c5676af3809793aa2f5b1d834882') in 0.015024 seconds
  Import took 0.018527 seconds .

========================================================================
Received Prepare
Registering precompiled user dll's ...
Registered in 0.006518 seconds.
Begin MonoManager ReloadAssembly
Native extension for WindowsStandalone target not found
Refreshing native plugins compatible for Editor in 0.39 ms, found 2 plugins.
Preloading 0 native plugins for Editor in 0.00 ms.
Mono: successfully reloaded assembly
- Completed reload, in  1.471 seconds
Platform modules already initialized, skipping
Refreshing native plugins compatible for Editor in 0.63 ms, found 2 plugins.
Preloading 0 native plugins for Editor in 0.00 ms.
Unloading 1470 Unused Serialized files (Serialized files now loaded: 0)
System memory in use before: 71.6 MB.
System memory in use after: 69.6 MB.

Unloading 42 unused Assets to reduce memory usage. Loaded Objects now: 1931.
Total: 3.296000 ms (FindLiveObjects: 0.314600 ms CreateObjectMapping: 0.104600 ms MarkObjects: 2.102300 ms  DeleteObjects: 0.772900 ms)

========================================================================
Received Import Request.
  Time since last request: 159.568159 seconds.
  path: Assets/Profile.asset
  artifactKey: Guid(49a2ed8d2ae14e44181e03ddf4086a82) Importer(815301076,1909f56bfc062723c751e8b465ee728b)
Start importing Assets/Profile.asset using Guid(49a2ed8d2ae14e44181e03ddf4086a82) Importer(815301076,1909f56bfc062723c751e8b465ee728b)  -> (artifact id: '262f61486286b348362516c3746893e6') in 0.026101 seconds
  Import took 0.028595 seconds .

========================================================================
Received Import Request.
  Time since last request: 4.862094 seconds.
  path: Assets/GlowExample.unity
  artifactKey: Guid(40e1b2b8ed1491e4c8624e30d65238ce) Importer(815301076,1909f56bfc062723c751e8b465ee728b)
Start importing Assets/GlowExample.unity using Guid(40e1b2b8ed1491e4c8624e30d65238ce) Importer(815301076,1909f56bfc062723c751e8b465ee728b)  -> (artifact id: '4875299d59946f715ffdb5ef3990f6c3') in 0.003873 seconds
  Import took 0.007067 seconds .

========================================================================
Received Prepare
Registering precompiled user dll's ...
Registered in 0.005772 seconds.
Begin MonoManager ReloadAssembly
Native extension for WindowsStandalone target not found
Refreshing native plugins compatible for Editor in 0.37 ms, found 2 plugins.
Preloading 0 native plugins for Editor in 0.00 ms.
Mono: successfully reloaded assembly
- Completed reload, in  1.164 seconds
Platform modules already initialized, skipping
Refreshing native plugins compatible for Editor in 0.31 ms, found 2 plugins.
Preloading 0 native plugins for Editor in 0.00 ms.
Unloading 1470 Unused Serialized files (Serialized files now loaded: 0)
System memory in use before: 71.6 MB.
System memory in use after: 69.6 MB.

Unloading 41 unused Assets to reduce memory usage. Loaded Objects now: 1934.
Total: 3.083900 ms (FindLiveObjects: 0.142500 ms CreateObjectMapping: 0.044900 ms MarkObjects: 2.228000 ms  DeleteObjects: 0.667400 ms)

========================================================================
Received Import Request.
  Time since last request: 1275.147656 seconds.
  path: Assets/Profile.asset
  artifactKey: Guid(49a2ed8d2ae14e44181e03ddf4086a82) Importer(815301076,1909f56bfc062723c751e8b465ee728b)
Start importing Assets/Profile.asset using Guid(49a2ed8d2ae14e44181e03ddf4086a82) Importer(815301076,1909f56bfc062723c751e8b465ee728b)  -> (artifact id: '17c835bba2ec52ae204f12b50a28aaca') in 0.028331 seconds
  Import took 0.031572 seconds .

AssetImportWorkerClient::OnTransportError - code=2 error=End of file
